<?xml version="1.0" encoding="UTF-8"?>
<!-- Generated by org.testng.reporters.JUnitReportReporter -->
<testsuite skipped="0" hostname="DESKTOP-4MLAL6E" name="com.automation.testscripts.Test_LoginTest" tests="1" failures="0" timestamp="2020-05-11T04:54:45 IST" time="20.842" errors="0">
  <testcase name="Test_LoginTest_" time="20.842" classname="com.automation.testscripts.Test_LoginTest"/>
</testsuite> <!-- com.automation.testscripts.Test_LoginTest -->
