<?xml version="1.0" encoding="UTF-8"?>
<!-- Generated by org.testng.reporters.JUnitReportReporter -->
<testsuite skipped="0" hostname="DESKTOP-4MLAL6E" name="com.automation.baseclass.BaseClass" tests="1" failures="0" timestamp="2020-05-08T19:41:43 IST" time="13.443" errors="0">
  <testcase name="setup" time="13.443" classname="com.automation.baseclass.BaseClass"/>
</testsuite> <!-- com.automation.baseclass.BaseClass -->
