<?xml version="1.0" encoding="UTF-8"?>
<!-- Generated by org.testng.reporters.JUnitReportReporter -->
<testsuite skipped="0" hostname="DESKTOP-4MLAL6E" name="com.automation.testscripts.LoginTest" tests="1" failures="0" timestamp="2020-05-10T08:10:07 IST" time="45.234" errors="0">
  <testcase name="loginWithInvalidUser" time="45.234" classname="com.automation.testscripts.LoginTest"/>
</testsuite> <!-- com.automation.testscripts.LoginTest -->
